<?xml version="1.0" encoding="UTF-8"?>
<testsuite xmlns:xsi="http://www.w3.org/2001/XMLSchema-instance" xsi:noNamespaceSchemaLocation="https://maven.apache.org/surefire/maven-surefire-plugin/xsd/surefire-test-report-3.0.xsd" version="3.0" name="TestRunner" time="24.017" tests="3" errors="1" skipped="0" failures="0">
  <properties>
[...]
</properties>
  <testcase name="check valid login credentials" classname="Feature to test logout link and inventory item displayed with COMMON STEPS in the BACKGROUND" time="7.665">
    <system-out><![CDATA[
@HomepageTests
Scenario: check valid login credentials               &amp#27;[90m# src/test/resources/Features/loginWithBackground.feature:10&amp#27;[0m
  &amp#27;[32mGiven &amp#27;[0m&amp#27;[32muser is on login webpage&amp#27;[0m                      &amp#27;[90m# GlueCodes.LoginWithBackgroundSteps.user_is_on_login_webpage()&amp#27;[0m
  &amp#27;[32mWhen &amp#27;[0m&amp#27;[32mvalid username and password is entered by user&amp#27;[0m &amp#27;[90m# GlueCodes.LoginWithBackgroundSteps.valid_username_and_password_is_entered_by_user()&amp#27;[0m
  &amp#27;[32mThen &amp#27;[0m&amp#27;[32muser is taken to the homepage&amp#27;[0m                  &amp#27;[90m# GlueCodes.LoginWithBackgroundSteps.user_is_taken_to_the_homepage()&amp#27;[0m
  &amp#27;[32mWhen &amp#27;[0m&amp#27;[32muser clicks burger icon&amp#27;[0m                        &amp#27;[90m# GlueCodes.LoginWithBackgroundSteps.user_clicks_burger_icon()&amp#27;[0m
  &amp#27;[32mThen &amp#27;[0m&amp#27;[32mlogout link is displayed&amp#27;[0m                       &amp#27;[90m# GlueCodes.LoginWithBackgroundSteps.logout_link_is_displayed()&amp#27;[0m
This is inside @After HOOK
]]></system-out>
    <system-err><![CDATA[SLF4J: No SLF4J providers were found.
SLF4J: Defaulting to no-operation (NOP) logger implementation
SLF4J: See https://www.slf4j.org/codes.html#noProviders for further details.
]]></system-err>
  </testcase>
  <testcase name="check inventory displayed #1" classname="Feature to test logout link and inventory item displayed with COMMON STEPS in the BACKGROUND" time="10.384">
    <system-out><![CDATA[
@HomepageTests
Scenario Outline: check inventory displayed           &amp#27;[90m# src/test/resources/Features/loginWithBackground.feature:20&amp#27;[0m
  &amp#27;[32mGiven &amp#27;[0m&amp#27;[32muser is on login webpage&amp#27;[0m                      &amp#27;[90m# GlueCodes.LoginWithBackgroundSteps.user_is_on_login_webpage()&amp#27;[0m
  &amp#27;[32mWhen &amp#27;[0m&amp#27;[32mvalid username and password is entered by user&amp#27;[0m &amp#27;[90m# GlueCodes.LoginWithBackgroundSteps.valid_username_and_password_is_entered_by_user()&amp#27;[0m
  &amp#27;[32mThen &amp#27;[0m&amp#27;[32muser is taken to the homepage&amp#27;[0m                  &amp#27;[90m# GlueCodes.LoginWithBackgroundSteps.user_is_taken_to_the_homepage()&amp#27;[0m
  &amp#27;[32mWhen &amp#27;[0m&amp#27;[32muser enters homepage&amp#27;[0m                           &amp#27;[90m# GlueCodes.LoginWithBackgroundSteps.user_enters_homepage()&amp#27;[0m
  &amp#27;[32mThen &amp#27;[0m&amp#27;[32mitem &amp#27;[0m&amp#27;[32m&amp#27;[1mSauce Labs Backpack&amp#27;[0m&amp#27;[32m is in inventory&amp#27;[0m       &amp#27;[90m# GlueCodes.LoginWithBackgroundSteps.item_itemName_is_in_inventory(java.lang.String)&amp#27;[0m
This is inside @After HOOK
]]></system-out>
  </testcase>
  <testcase name="check inventory displayed #2" classname="Feature to test logout link and inventory item displayed with COMMON STEPS in the BACKGROUND" time="4.002">
    <error message="no such element: Unable to locate element: {&quot;method&quot;:&quot;xpath&quot;,&quot;selector&quot;:&quot;//div[@class=&apos;inventory_item_name &apos; and text()=&apos;Ube&apos;]&quot;}&#10;  (Session info: chrome=123.0.6312.123)&#10;For documentation on this error, please visit: https://www.selenium.dev/documentation/webdriver/troubleshooting/errors#no-such-element-exception&#10;Build info: version: &apos;4.19.1&apos;, revision: &apos;abe0ee07dc&apos;&#10;System info: os.name: &apos;Windows 11&apos;, os.arch: &apos;amd64&apos;, os.version: &apos;10.0&apos;, java.version: &apos;22&apos;&#10;Driver info: org.openqa.selenium.chrome.ChromeDriver&#10;Command: [2ad70174d2e37192a9f51f0da51a575b, findElement {value=//div[@class=&apos;inventory_item_name &apos; and text()=&apos;Ube&apos;], using=xpath}]&#10;Capabilities {acceptInsecureCerts: false, browserName: chrome, browserVersion: 123.0.6312.123, chrome: {chromedriverVersion: 123.0.6312.86 (9b72c47a0536..., userDataDir: C:\Users\Admin\AppData\Loca...}, fedcm:accounts: true, goog:chromeOptions: {debuggerAddress: localhost:57685}, networkConnectionEnabled: false, pageLoadStrategy: normal, platformName: windows, proxy: Proxy(), se:cdp: ws://localhost:57685/devtoo..., se:cdpVersion: 123.0.6312.123, setWindowRect: true, strictFileInteractability: false, timeouts: {implicit: 0, pageLoad: 300000, script: 30000}, unhandledPromptBehavior: dismiss and notify, webauthn:extension:credBlob: true, webauthn:extension:largeBlob: true, webauthn:extension:minPinLength: true, webauthn:extension:prf: true, webauthn:virtualAuthenticators: true}&#10;Session ID: 2ad70174d2e37192a9f51f0da51a575b" type="org.openqa.selenium.NoSuchElementException"><![CDATA[org.openqa.selenium.NoSuchElementException: 
no such element: Unable to locate element: {"method":"xpath","selector":"//div[@class='inventory_item_name ' and text()='Ube']"}
  (Session info: chrome=123.0.6312.123)
For documentation on this error, please visit: https://www.selenium.dev/documentation/webdriver/troubleshooting/errors#no-such-element-exception
Build info: version: '4.19.1', revision: 'abe0ee07dc'
System info: os.name: 'Windows 11', os.arch: 'amd64', os.version: '10.0', java.version: '22'
Driver info: org.openqa.selenium.chrome.ChromeDriver
Command: [2ad70174d2e37192a9f51f0da51a575b, findElement {value=//div[@class='inventory_item_name ' and text()='Ube'], using=xpath}]
Capabilities {acceptInsecureCerts: false, browserName: chrome, browserVersion: 123.0.6312.123, chrome: {chromedriverVersion: 123.0.6312.86 (9b72c47a0536..., userDataDir: C:\Users\Admin\AppData\Loca...}, fedcm:accounts: true, goog:chromeOptions: {debuggerAddress: localhost:57685}, networkConnectionEnabled: false, pageLoadStrategy: normal, platformName: windows, proxy: Proxy(), se:cdp: ws://localhost:57685/devtoo..., se:cdpVersion: 123.0.6312.123, setWindowRect: true, strictFileInteractability: false, timeouts: {implicit: 0, pageLoad: 300000, script: 30000}, unhandledPromptBehavior: dismiss and notify, webauthn:extension:credBlob: true, webauthn:extension:largeBlob: true, webauthn:extension:minPinLength: true, webauthn:extension:prf: true, webauthn:virtualAuthenticators: true}
Session ID: 2ad70174d2e37192a9f51f0da51a575b
	at java.base/jdk.internal.reflect.DirectConstructorHandleAccessor.newInstance(DirectConstructorHandleAccessor.java:62)
	at java.base/java.lang.reflect.Constructor.newInstanceWithCaller(Constructor.java:502)
	at java.base/java.lang.reflect.Constructor.newInstance(Constructor.java:486)
	at org.openqa.selenium.remote.ErrorCodec.decode(ErrorCodec.java:167)
	at org.openqa.selenium.remote.codec.w3c.W3CHttpResponseCodec.decode(W3CHttpResponseCodec.java:138)
	at org.openqa.selenium.remote.codec.w3c.W3CHttpResponseCodec.decode(W3CHttpResponseCodec.java:50)
	at org.openqa.selenium.remote.HttpCommandExecutor.execute(HttpCommandExecutor.java:190)
	at org.openqa.selenium.remote.service.DriverCommandExecutor.invokeExecute(DriverCommandExecutor.java:216)
	at org.openqa.selenium.remote.service.DriverCommandExecutor.execute(DriverCommandExecutor.java:174)
	at org.openqa.selenium.remote.RemoteWebDriver.execute(RemoteWebDriver.java:518)
	at org.openqa.selenium.remote.ElementLocation$ElementFinder$2.findElement(ElementLocation.java:165)
	at org.openqa.selenium.remote.ElementLocation.findElement(ElementLocation.java:59)
	at org.openqa.selenium.remote.RemoteWebDriver.findElement(RemoteWebDriver.java:355)
	at org.openqa.selenium.remote.RemoteWebDriver.findElement(RemoteWebDriver.java:349)
	at GlueCodes.LoginWithBackgroundSteps.item_itemName_is_in_inventory(LoginWithBackgroundSteps.java:88)
	at ✽.item Ube is in inventory(file:///C:/Users/Admin/IdeaProjects/testCucumber/src/test/resources/Features/loginWithBackground.feature:16)
]]></error>
    <system-out><![CDATA[
@HomepageTests
Scenario Outline: check inventory displayed           &amp#27;[90m# src/test/resources/Features/loginWithBackground.feature:21&amp#27;[0m
  &amp#27;[32mGiven &amp#27;[0m&amp#27;[32muser is on login webpage&amp#27;[0m                      &amp#27;[90m# GlueCodes.LoginWithBackgroundSteps.user_is_on_login_webpage()&amp#27;[0m
  &amp#27;[32mWhen &amp#27;[0m&amp#27;[32mvalid username and password is entered by user&amp#27;[0m &amp#27;[90m# GlueCodes.LoginWithBackgroundSteps.valid_username_and_password_is_entered_by_user()&amp#27;[0m
  &amp#27;[32mThen &amp#27;[0m&amp#27;[32muser is taken to the homepage&amp#27;[0m                  &amp#27;[90m# GlueCodes.LoginWithBackgroundSteps.user_is_taken_to_the_homepage()&amp#27;[0m
  &amp#27;[32mWhen &amp#27;[0m&amp#27;[32muser enters homepage&amp#27;[0m                           &amp#27;[90m# GlueCodes.LoginWithBackgroundSteps.user_enters_homepage()&amp#27;[0m
  &amp#27;[31mThen &amp#27;[0m&amp#27;[31mitem &amp#27;[0m&amp#27;[31m&amp#27;[1mUbe&amp#27;[0m&amp#27;[31m is in inventory&amp#27;[0m                       &amp#27;[90m# GlueCodes.LoginWithBackgroundSteps.item_itemName_is_in_inventory(java.lang.String)&amp#27;[0m
      &amp#27;[31morg.openqa.selenium.NoSuchElementException: no such element: Unable to locate element: {"method":"xpath","selector":"//div[@class='inventory_item_name ' and text()='Ube']"}
  (Session info: chrome=123.0.6312.123)
For documentation on this error, please visit: https://www.selenium.dev/documentation/webdriver/troubleshooting/errors#no-such-element-exception
Build info: version: '4.19.1', revision: 'abe0ee07dc'
System info: os.name: 'Windows 11', os.arch: 'amd64', os.version: '10.0', java.version: '22'
Driver info: org.openqa.selenium.chrome.ChromeDriver
Command: [2ad70174d2e37192a9f51f0da51a575b, findElement {value=//div[@class='inventory_item_name ' and text()='Ube'], using=xpath}]
Capabilities {acceptInsecureCerts: false, browserName: chrome, browserVersion: 123.0.6312.123, chrome: {chromedriverVersion: 123.0.6312.86 (9b72c47a0536..., userDataDir: C:\Users\Admin\AppData\Loca...}, fedcm:accounts: true, goog:chromeOptions: {debuggerAddress: localhost:57685}, networkConnectionEnabled: false, pageLoadStrategy: normal, platformName: windows, proxy: Proxy(), se:cdp: ws://localhost:57685/devtoo..., se:cdpVersion: 123.0.6312.123, setWindowRect: true, strictFileInteractability: false, timeouts: {implicit: 0, pageLoad: 300000, script: 30000}, unhandledPromptBehavior: dismiss and notify, webauthn:extension:credBlob: true, webauthn:extension:largeBlob: true, webauthn:extension:minPinLength: true, webauthn:extension:prf: true, webauthn:virtualAuthenticators: true}
Session ID: 2ad70174d2e37192a9f51f0da51a575b
	at java.base/jdk.internal.reflect.DirectConstructorHandleAccessor.newInstance(DirectConstructorHandleAccessor.java:62)
	at java.base/java.lang.reflect.Constructor.newInstanceWithCaller(Constructor.java:502)
	at java.base/java.lang.reflect.Constructor.newInstance(Constructor.java:486)
	at org.openqa.selenium.remote.ErrorCodec.decode(ErrorCodec.java:167)
	at org.openqa.selenium.remote.codec.w3c.W3CHttpResponseCodec.decode(W3CHttpResponseCodec.java:138)
	at org.openqa.selenium.remote.codec.w3c.W3CHttpResponseCodec.decode(W3CHttpResponseCodec.java:50)
	at org.openqa.selenium.remote.HttpCommandExecutor.execute(HttpCommandExecutor.java:190)
	at org.openqa.selenium.remote.service.DriverCommandExecutor.invokeExecute(DriverCommandExecutor.java:216)
	at org.openqa.selenium.remote.service.DriverCommandExecutor.execute(DriverCommandExecutor.java:174)
	at org.openqa.selenium.remote.RemoteWebDriver.execute(RemoteWebDriver.java:518)
	at org.openqa.selenium.remote.ElementLocation$ElementFinder$2.findElement(ElementLocation.java:165)
	at org.openqa.selenium.remote.ElementLocation.findElement(ElementLocation.java:59)
	at org.openqa.selenium.remote.RemoteWebDriver.findElement(RemoteWebDriver.java:355)
	at org.openqa.selenium.remote.RemoteWebDriver.findElement(RemoteWebDriver.java:349)
	at GlueCodes.LoginWithBackgroundSteps.item_itemName_is_in_inventory(LoginWithBackgroundSteps.java:88)
	at ✽.item Ube is in inventory(file:///C:/Users/Admin/IdeaProjects/testCucumber/src/test/resources/Features/loginWithBackground.feature:16)
&amp#27;[0m
This is inside @After HOOK
]]></system-out>
  </testcase>
</testsuite>