<?xml version="1.0" encoding="UTF-8"?>
<testsuite name="Cucumber" time="235.245" tests="2" skipped="0" failures="1" errors="0">
<testcase classname="feature to test login functionality" name="Check login is successful with valid credentials - Example #1.1" time="76.187">
<system-out><![CDATA[
Given user already browser open.............................................passed
And user is on login page...................................................passed
When user enters standard_user and secret_sauce.............................passed
And clicks on login button..................................................passed
Then user is navigated to homepage..........................................passed
]]></system-out>
</testcase>
<testcase classname="feature to test login functionality" name="Check login is successful with valid credentials - Example #1.2" time="158.781">
<failure type="java.lang.AssertionError">
<![CDATA[java.lang.AssertionError
	at org.junit.Assert.fail(Assert.java:87)
	at org.junit.Assert.assertTrue(Assert.java:42)
	at org.junit.Assert.assertTrue(Assert.java:53)
	at GlueCodes.LoginSteps.user_is_navigated_to_homepage(LoginSteps.java:68)
	at âœ½.user is navigated to homepage(file:///C:/Users/mac/OneDrive/Documents/webTest_cucumber/src/test/resources/Features/login.feature:10)
]]>
</failure>
<system-out><![CDATA[
Given user already browser open.............................................passed
And user is on login page...................................................passed
When user enters user2 and pass2............................................passed
And clicks on login button..................................................passed
Then user is navigated to homepage..........................................failed
]]></system-out>
</testcase>
</testsuite>
