<?xml version="1.0" encoding="UTF-8"?>
<testsuite name="Cucumber" time="68.406" tests="3" skipped="0" failures="1" errors="0">
<testcase classname="Feature to test logout link and inventory item displayed with COMMON STEPS in the BACKGROUND" name="check valid login credentials" time="9.389">
<system-out><![CDATA[
Given user is on login webpage..............................................passed
When valid username and password is entered by user.........................passed
Then user is taken to the homepade..........................................passed
When user clicks burger icon................................................passed
Then logout link is displayed...............................................passed
]]></system-out>
</testcase>
<testcase classname="Feature to test logout link and inventory item displayed with COMMON STEPS in the BACKGROUND" name="check inventory displayed - Example #1.1" time="22.172">
<system-out><![CDATA[
Given user is on login webpage..............................................passed
When valid username and password is entered by user.........................passed
Then user is taken to the homepade..........................................passed
When user enters homepage...................................................passed
Then item Sauce Labs Backpack is in inventory...............................passed
]]></system-out>
</testcase>
<testcase classname="Feature to test logout link and inventory item displayed with COMMON STEPS in the BACKGROUND" name="check inventory displayed - Example #1.2" time="36.605">
<failure type="org.openqa.selenium.NoSuchElementException" message="no such element: Unable to locate element: {&quot;method&quot;:&quot;xpath&quot;,&quot;selector&quot;:&quot;//div[@class='inventory_item_name ' and text()='Ube']&quot;}
  (Session info: chrome=123.0.6312.123)
For documentation on this error, please visit: https://www.selenium.dev/documentation/webdriver/troubleshooting/errors#no-such-element-exception
Build info: version: '4.19.1', revision: 'abe0ee07dc'
System info: os.name: 'Windows 10', os.arch: 'amd64', os.version: '10.0', java.version: '17.0.2'
Driver info: org.openqa.selenium.chrome.ChromeDriver
Command: [299f5eb17513468bebaab91e7bf4edad, findElement {using=xpath, value=//div[@class='inventory_item_name ' and text()='Ube']}]
Capabilities {acceptInsecureCerts: false, browserName: chrome, browserVersion: 123.0.6312.123, chrome: {chromedriverVersion: 123.0.6312.86 (9b72c47a0536..., userDataDir: C:\Users\mac\AppData\Local\...}, fedcm:accounts: true, goog:chromeOptions: {debuggerAddress: localhost:57154}, networkConnectionEnabled: false, pageLoadStrategy: normal, platformName: windows, proxy: Proxy(), se:cdp: ws://localhost:57154/devtoo..., se:cdpVersion: 123.0.6312.123, setWindowRect: true, strictFileInteractability: false, timeouts: {implicit: 0, pageLoad: 300000, script: 30000}, unhandledPromptBehavior: dismiss and notify, webauthn:extension:credBlob: true, webauthn:extension:largeBlob: true, webauthn:extension:minPinLength: true, webauthn:extension:prf: true, webauthn:virtualAuthenticators: true}
Session ID: 299f5eb17513468bebaab91e7bf4edad">
<![CDATA[org.openqa.selenium.NoSuchElementException: no such element: Unable to locate element: {"method":"xpath","selector":"//div[@class='inventory_item_name ' and text()='Ube']"}
  (Session info: chrome=123.0.6312.123)
For documentation on this error, please visit: https://www.selenium.dev/documentation/webdriver/troubleshooting/errors#no-such-element-exception
Build info: version: '4.19.1', revision: 'abe0ee07dc'
System info: os.name: 'Windows 10', os.arch: 'amd64', os.version: '10.0', java.version: '17.0.2'
Driver info: org.openqa.selenium.chrome.ChromeDriver
Command: [299f5eb17513468bebaab91e7bf4edad, findElement {using=xpath, value=//div[@class='inventory_item_name ' and text()='Ube']}]
Capabilities {acceptInsecureCerts: false, browserName: chrome, browserVersion: 123.0.6312.123, chrome: {chromedriverVersion: 123.0.6312.86 (9b72c47a0536..., userDataDir: C:\Users\mac\AppData\Local\...}, fedcm:accounts: true, goog:chromeOptions: {debuggerAddress: localhost:57154}, networkConnectionEnabled: false, pageLoadStrategy: normal, platformName: windows, proxy: Proxy(), se:cdp: ws://localhost:57154/devtoo..., se:cdpVersion: 123.0.6312.123, setWindowRect: true, strictFileInteractability: false, timeouts: {implicit: 0, pageLoad: 300000, script: 30000}, unhandledPromptBehavior: dismiss and notify, webauthn:extension:credBlob: true, webauthn:extension:largeBlob: true, webauthn:extension:minPinLength: true, webauthn:extension:prf: true, webauthn:virtualAuthenticators: true}
Session ID: 299f5eb17513468bebaab91e7bf4edad
	at java.base/jdk.internal.reflect.NativeConstructorAccessorImpl.newInstance0(Native Method)
	at java.base/jdk.internal.reflect.NativeConstructorAccessorImpl.newInstance(NativeConstructorAccessorImpl.java:77)
	at java.base/jdk.internal.reflect.DelegatingConstructorAccessorImpl.newInstance(DelegatingConstructorAccessorImpl.java:45)
	at java.base/java.lang.reflect.Constructor.newInstanceWithCaller(Constructor.java:499)
	at java.base/java.lang.reflect.Constructor.newInstance(Constructor.java:480)
	at org.openqa.selenium.remote.ErrorCodec.decode(ErrorCodec.java:167)
	at org.openqa.selenium.remote.codec.w3c.W3CHttpResponseCodec.decode(W3CHttpResponseCodec.java:138)
	at org.openqa.selenium.remote.codec.w3c.W3CHttpResponseCodec.decode(W3CHttpResponseCodec.java:50)
	at org.openqa.selenium.remote.HttpCommandExecutor.execute(HttpCommandExecutor.java:190)
	at org.openqa.selenium.remote.service.DriverCommandExecutor.invokeExecute(DriverCommandExecutor.java:216)
	at org.openqa.selenium.remote.service.DriverCommandExecutor.execute(DriverCommandExecutor.java:174)
	at org.openqa.selenium.remote.RemoteWebDriver.execute(RemoteWebDriver.java:518)
	at org.openqa.selenium.remote.ElementLocation$ElementFinder$2.findElement(ElementLocation.java:165)
	at org.openqa.selenium.remote.ElementLocation.findElement(ElementLocation.java:59)
	at org.openqa.selenium.remote.RemoteWebDriver.findElement(RemoteWebDriver.java:355)
	at org.openqa.selenium.remote.RemoteWebDriver.findElement(RemoteWebDriver.java:349)
	at GlueCodes.LoginWithBackgroundSteps.item_itemName_is_in_inventory(LoginWithBackgroundSteps.java:77)
	at ✽.item Ube is in inventory(classpath:Features/loginWithBackground.feature:16)
]]>
</failure>
<system-out><![CDATA[
Given user is on login webpage..............................................passed
When valid username and password is entered by user.........................passed
Then user is taken to the homepade..........................................passed
When user enters homepage...................................................passed
Then item Ube is in inventory...............................................failed
]]></system-out>
</testcase>
</testsuite>
